2013-06-05 14:34:04,911 [main] INFO com.terracottatech.general - New logging session started.
2013-06-05 14:34:04,952 [main] INFO com.terracottatech.console - Terracotta 3.5.2, as of 20110628-150614 (Revision 18007 by cruise@su10vmo104 from 3.5.2)
2013-06-05 14:34:05,026 [main] INFO com.tc.config.schema.setup.StandardXMLFileConfigurationCreator - Attempting to load configuration from the file at '/home/12/k1218492/terrastore-0.8.2-dist/../terrastore/master/bin/../terracotta-config.xml'...
2013-06-05 14:34:05,619 [main] INFO com.terracottatech.console - Successfully loaded base configuration from file at '/home/12/k1218492/terrastore-0.8.2-dist/../terrastore/master/bin/../terracotta-config.xml'.
2013-06-05 14:34:05,636 [main] INFO com.tc.config.schema.setup.StandardXMLFileConfigurationCreator - The configuration specified by 'base configuration from file at '/home/12/k1218492/terrastore-0.8.2-dist/../terrastore/master/bin/../terracotta-config.xml'':

<tc:tc-config xmlns:tc="http://www.terracotta.org/config">
  <tc-properties>
    <!--Connection properties-->
    <property name="l2.l1reconnect.enabled" value="true"/>
    <property name="l2.l1reconnect.timeout.millis" value="1"/>
    <property name="l1.healthcheck.l2.ping.enabled" value="true"/>
    <property name="l1.healthcheck.l2.socketConnect" value="true"/>
    <property name="l1.healthcheck.l2.ping.interval" value="1000"/>
    <property name="l1.healthcheck.l2.ping.probes" value="3"/>
    <!--Cluster properties-->
    <property name="l2.berkeleydb.je.log.fileMax" value="10000000"/>
    <property name="l2.berkeleydb.je.checkpointer.bytesInterval" value="50000000"/>
    <property name="l2.berkeleydb.je.cleaner.bytesInterval" value="20000000"/>
    <property name="l2.cachemanager.percentageToEvict" value="25"/>
    <property name="l2.cachemanager.threshold" value="50"/>
    <property name="l2.cachemanager.criticalThreshold" value="70"/>
    <property name="l2.objectmanager.passive.sync.batch.size" value="100"/>
    <property name="l1.cachemanager.percentageToEvict" value="10"/>
    <property name="l1.cachemanager.threshold" value="80"/>
    <property name="l1.cachemanager.criticalThreshold" value="90"/>
  </tc-properties>
  <servers>
    <server host="137.73.9.171" name="terrastore-single-master" bind="0.0.0.0">
      <dso-port bind="0.0.0.0">9510</dso-port>
      <jmx-port bind="0.0.0.0">9520</jmx-port>
      <data>/home/12/k1218492/terrastore-0.8.2-dist/../terrastore/master/bin/../tc-data/server-data</data>
      <logs>/home/12/k1218492/terrastore-0.8.2-dist/../terrastore/master/bin/../tc-data/server-logs</logs>
      <statistics>/home/12/k1218492/terrastore-0.8.2-dist/../terrastore/master/bin/../tc-data/server-statistics</statistics>
      <dso>
        <client-reconnect-window>30</client-reconnect-window>
        <persistence>
          <mode>permanent-store</mode>
        </persistence>
        <garbage-collection>
          <enabled>true</enabled>
          <verbose>false</verbose>
          <interval>3600</interval>
        </garbage-collection>
      </dso>
      <l2-group-port bind="0.0.0.0">9530</l2-group-port>
      <data-backup>/home/12/k1218492/terrastore-0.8.2-dist/../terrastore/master/bin/../data-backup</data-backup>
      <index>/home/12/k1218492/terrastore-0.8.2-dist/../terrastore/master/bin/../tc-data/server-data/index</index>
    </server>
    <mirror-groups>
      <mirror-group>
        <ha>
          <mode>networked-active-passive</mode>
          <networked-active-passive>
            <election-time>5</election-time>
          </networked-active-passive>
        </ha>
        <members>
          <member>terrastore-single-master</member>
        </members>
      </mirror-group>
    </mirror-groups>
    <ha>
      <mode>networked-active-passive</mode>
      <networked-active-passive>
        <election-time>5</election-time>
      </networked-active-passive>
    </ha>
    <update-check>
      <enabled>false</enabled>
      <period-days>7</period-days>
    </update-check>
  </servers>
  <clients>
    <dso>
      <fault-count>0</fault-count>
    </dso>
    <logs>tc-data/client-logs/%i/%D</logs>
  </clients>
  <system>
    <configuration-model>development</configuration-model>
  </system>
  <application>
    <dso>
      <dso-reflection-enabled>true</dso-reflection-enabled>
    </dso>
  </application>
</tc:tc-config>
2013-06-05 14:34:05,640 [main] INFO com.tc.properties.TCProperties - Loading default properties from tc.properties
2013-06-05 14:34:05,641 [main] INFO com.tc.properties.TCProperties - The property "l2.dump.on.exception.timeout" was read before initialization completed. "l2.dump.on.exception.timeout" = 30
2013-06-05 14:34:05,641 [main] INFO com.tc.properties.TCProperties - The property "tc.config.getFromSource.timeout" was read before initialization completed. "tc.config.getFromSource.timeout" = 30000
2013-06-05 14:34:05,641 [main] INFO com.tc.properties.TCProperties - The property "l1.healthcheck.l2.socketConnect" was overridden to true from true by the tc-config file
2013-06-05 14:34:05,641 [main] INFO com.tc.properties.TCProperties - The property "l1.cachemanager.criticalThreshold" was overridden to 90 from 70 by the tc-config file
2013-06-05 14:34:05,641 [main] INFO com.tc.properties.TCProperties - The property "l1.healthcheck.l2.ping.interval" was overridden to 1000 from 1000 by the tc-config file
2013-06-05 14:34:05,641 [main] INFO com.tc.properties.TCProperties - The property "l1.healthcheck.l2.ping.enabled" was overridden to true from true by the tc-config file
2013-06-05 14:34:05,641 [main] INFO com.tc.properties.TCProperties - The property "l2.l1reconnect.enabled" was overridden to true from false by the tc-config file
2013-06-05 14:34:05,641 [main] WARN com.tc.properties.TCProperties - The property "l2.cachemanager.threshold" is not present in set of defined tc properties. Probably this is misspelled
2013-06-05 14:34:05,641 [main] INFO com.tc.properties.TCProperties - The property "l2.cachemanager.threshold" was overridden to 50 from null by the tc-config file
2013-06-05 14:34:05,641 [main] INFO com.tc.properties.TCProperties - The property "l2.cachemanager.percentageToEvict" was overridden to 25 from 10 by the tc-config file
2013-06-05 14:34:05,641 [main] WARN com.tc.properties.TCProperties - The property "l2.cachemanager.criticalThreshold" is not present in set of defined tc properties. Probably this is misspelled
2013-06-05 14:34:05,641 [main] INFO com.tc.properties.TCProperties - The property "l2.cachemanager.criticalThreshold" was overridden to 70 from null by the tc-config file
2013-06-05 14:34:05,641 [main] INFO com.tc.properties.TCProperties - The property "l2.objectmanager.passive.sync.batch.size" was overridden to 100 from 500 by the tc-config file
2013-06-05 14:34:05,641 [main] WARN com.tc.properties.TCProperties - The property "l2.berkeleydb.je.log.fileMax" is not present in set of defined tc properties. Probably this is misspelled
2013-06-05 14:34:05,641 [main] INFO com.tc.properties.TCProperties - The property "l2.berkeleydb.je.log.fileMax" was overridden to 10000000 from null by the tc-config file
2013-06-05 14:34:05,641 [main] INFO com.tc.properties.TCProperties - The property "l2.berkeleydb.je.cleaner.bytesInterval" was overridden to 20000000 from 20000000 by the tc-config file
2013-06-05 14:34:05,641 [main] INFO com.tc.properties.TCProperties - The property "l1.healthcheck.l2.ping.probes" was overridden to 3 from 3 by the tc-config file
2013-06-05 14:34:05,642 [main] INFO com.tc.properties.TCProperties - The property "l2.berkeleydb.je.checkpointer.bytesInterval" was overridden to 50000000 from 100000000 by the tc-config file
2013-06-05 14:34:05,642 [main] INFO com.tc.properties.TCProperties - The property "l1.cachemanager.threshold" was overridden to 80 from 50 by the tc-config file
2013-06-05 14:34:05,642 [main] INFO com.tc.properties.TCProperties - The property "l2.l1reconnect.timeout.millis" was overridden to 1 from 5000 by the tc-config file
2013-06-05 14:34:05,642 [main] INFO com.tc.properties.TCProperties - The property "l1.cachemanager.percentageToEvict" was overridden to 10 from 10 by the tc-config file
2013-06-05 14:34:05,644 [main] INFO com.tc.properties.TCProperties - Loaded TCProperties : TCProperties = { aw.asmclassinfo.ignore.errors = com.jinspired., cvt.buffer.randomsuffix.enabled = false, cvt.client.fail.buffer.open = false, cvt.rest.interface.enabled = true, cvt.retriever.notification.interval = 60, cvt.statistics.logging.interval = 900, cvt.store.randomsuffix.enabled = false, dev.console.max.operator.events = 5000, ehcache.clusterAllCacheManagers = true, ehcache.concurrency = 128, ehcache.evictor.logging.enabled = false, ehcache.evictor.pool.size = 1, ehcache.global.eviction.enable = true, ehcache.global.eviction.frequency = 10, ehcache.global.eviction.rest.timeMillis = 10, ehcache.global.eviction.segments = 2, ehcache.lock.readLevel = READ, ehcache.lock.writeLevel = WRITE, ehcache.logging.enabled = false, ehcache.storageStrategy.dcv2.evictUnexpiredEntries.enabled = true, ehcache.storageStrategy.dcv2.localcache.enabled = true, ehcache.storageStrategy.dcv2.localcache.incoherentReadTimeout = 300000, ehcache.storageStrategy.dcv2.perElementTTITTL.enabled = false, ehcache.storageStrategy.dcv2.periodicEviction.enabled = true, ehcache.storageStrategy.dcv2.pinSegments.enabled = true, http.defaultservlet.attribute.aliases = false;, http.defaultservlet.attribute.dirallowed = false;, http.defaultservlet.enabled = false;, instrumentation.finalField.fastRead = true, l1.cachemanager.criticalObjectThreshold = -1, l1.cachemanager.criticalThreshold = 90, l1.cachemanager.enabled = true, l1.cachemanager.leastCount = 2, l1.cachemanager.logging.enabled = false, l1.cachemanager.monitorOldGenOnly = true, l1.cachemanager.percentageToEvict = 10, l1.cachemanager.sleepInterval = 3000, l1.cachemanager.threshold = 80, l1.connect.versionMatchCheck.enabled = true, l1.healthcheck.l2.bindAddress = 0.0.0.0, l1.healthcheck.l2.bindPort = 0, l1.healthcheck.l2.ping.enabled = true, l1.healthcheck.l2.ping.idletime = 5000, l1.healthcheck.l2.ping.interval = 1000, l1.healthcheck.l2.ping.probes = 3, l1.healthcheck.l2.socketConnect = true, l1.healthcheck.l2.socketConnectCount = 13, l1.healthcheck.l2.socketConnectTimeout = 5, l1.jvm.check.compatibility = true, l1.l2.config.validation.enabled = true, l1.lock.statistics.gatherInterval = 1, l1.lock.statistics.traceDepth = 0, l1.lockmanager.striped.count = 128, l1.lockmanager.timeout.interval = 60000, l1.max.connect.retries = -1, l1.modules.additional = , l1.modules.default = , l1.modules.repositories = , l1.modules.tc-version-check = , l1.modules.toolkitSearchRange = 100, l1.objectmanager.fault.logging.enabled = false, l1.objectmanager.flush.logging.enabled = false, l1.objectmanager.objectid.request.size = 50000, l1.objectmanager.remote.batchLookupTimePeriod = 1, l1.objectmanager.remote.logging.enabled = false, l1.objectmanager.remote.maxDNALRUSize = 60, l1.objectmanager.remote.maxRequestSentImmediately = 4, l1.seda.stage.sink.capacity = -1, l1.serverarray.objectCreationStrategy = round-robin, l1.serverarray.objectCreationStrategy.groupAffinity.groupName = mirror-group1, l1.serverarray.objectCreationStrategy.roundRobin.startIndex = sequential, l1.servermapmanager.remote.batchLookupTimePeriod = 1, l1.servermapmanager.remote.maxRequestSentImmediately = 4, l1.shutdown.threadgroup.gracetime = 30000, l1.socket.connect.timeout = 10000, l1.socket.reconnect.waitInterval = 1000, l1.transactionmanager.completedAckFlushTimeout = 5000, l1.transactionmanager.folding.debug = false, l1.transactionmanager.folding.enabled = true, l1.transactionmanager.folding.lock.limit = 0, l1.transactionmanager.folding.object.limit = 0, l1.transactionmanager.logging.enabled = false, l1.transactionmanager.maxBatchSizeInKiloBytes = 128, l1.transactionmanager.maxOutstandingBatchSize = 4, l1.transactionmanager.maxPendingBatches = 88, l1.transactionmanager.maxSleepTimeBeforeHalt = 1024, l1.transactionmanager.strings.compress.enabled = true, l1.transactionmanager.strings.compress.logging.enabled = false, l1.transactionmanager.strings.compress.minSize = 512, l1.transactionmanager.timeoutForAckOnExit = 300, l2.beanshell.enabled = false, l2.beanshell.port = 9929, l2.berkeleydb.je.checkpointer.bytesInterval = 50000000, l2.berkeleydb.je.cleaner.bytesInterval = 20000000, l2.berkeleydb.je.cleaner.detailMaxMemoryPercentage = 5, l2.berkeleydb.je.cleaner.lookAheadCacheSize = 32768, l2.berkeleydb.je.cleaner.minAge = 5, l2.berkeleydb.je.lock.nLockTables = 7, l2.berkeleydb.je.lock.timeout = 180000000, l2.berkeleydb.je.log.fileMax = 10000000, l2.berkeleydb.je.maxMemoryPercent = 25, l2.cachemanager.criticalObjectThreshold = -1, l2.cachemanager.criticalThreshold = 70, l2.cachemanager.enabled = true, l2.cachemanager.leastCount = 2, l2.cachemanager.logging.enabled = false, l2.cachemanager.monitorOldGenOnly = true, l2.cachemanager.percentageToEvict = 25, l2.cachemanager.sleepInterval = 3000, l2.cachemanager.threshold = 50, l2.data.backup.throttle.timeInMillis = 0, l2.db.factory.name = com.tc.objectserver.storage.berkeleydb.BerkeleyDBFactory, l2.derbydb.derby.locks.deadlockTimeout = 170, l2.derbydb.derby.locks.deadlockTrace = true, l2.derbydb.derby.locks.escalationThreshold = 100000, l2.derbydb.derby.locks.waitTimeout = 180, l2.derbydb.derby.maxMemoryPercent = 25, l2.derbydb.derby.storage.checkpointInterval = 134217728, l2.derbydb.derby.storage.logSwitchInterval = 134217728, l2.derbydb.derby.storage.pageSize = 32768, l2.dump.on.exception.timeout = 30, l2.healthcheck.l1.ping.enabled = true, l2.healthcheck.l1.ping.idletime = 5000, l2.healthcheck.l1.ping.interval = 1000, l2.healthcheck.l1.ping.probes = 3, l2.healthcheck.l1.socketConnect = true, l2.healthcheck.l1.socketConnectCount = 10, l2.healthcheck.l1.socketConnectTimeout = 5, l2.healthcheck.l2.ping.enabled = true, l2.healthcheck.l2.ping.idletime = 5000, l2.healthcheck.l2.ping.interval = 1000, l2.healthcheck.l2.ping.probes = 3, l2.healthcheck.l2.socketConnect = true, l2.healthcheck.l2.socketConnectCount = 10, l2.healthcheck.l2.socketConnectTimeout = 5, l2.l1reconnect.enabled = true, l2.l1reconnect.maxDelayedAcks = 16, l2.l1reconnect.sendWindow = 32, l2.l1reconnect.sendqueue.cap = 5000, l2.l1reconnect.timeout.millis = 1, l2.lfu.agingFactor = 1, l2.lfu.recentlyAccessedIgnorePercentage = 20, l2.lockmanager.greedy.lease.enabled = true, l2.lockmanager.greedy.lease.leaseTimeInMillis = 50, l2.lockmanager.greedy.locks.enabled = true, l2.nha.autoRestart = true, l2.nha.dirtydb.autoDelete = true, l2.nha.dirtydb.rolling = 0, l2.nha.send.timeout.millis = 16000, l2.nha.tcgroupcomm.discovery.interval = 1000, l2.nha.tcgroupcomm.handshake.timeout = 5000, l2.nha.tcgroupcomm.reconnect.enabled = false, l2.nha.tcgroupcomm.reconnect.maxDelayedAcks = 16, l2.nha.tcgroupcomm.reconnect.sendWindow = 32, l2.nha.tcgroupcomm.reconnect.sendqueue.cap = 5000, l2.nha.tcgroupcomm.reconnect.timeout = 5000, l2.objectmanager.cachePolicy = lfu, l2.objectmanager.deleteBatchSize = 5000, l2.objectmanager.dgc.enterpriseMarkStageInterval = 1000, l2.objectmanager.dgc.faulting.optimization = true, l2.objectmanager.dgc.throttle.requestsPerThrottle = 1000, l2.objectmanager.dgc.throttle.timeInMillis = 0, l2.objectmanager.dgc.young.enabled = false, l2.objectmanager.dgc.young.frequencyInMillis = 180000, l2.objectmanager.fault.logging.enabled = false, l2.objectmanager.flush.logging.enabled = false, l2.objectmanager.loadObjectID.checkpoint.maxlimit = -1, l2.objectmanager.loadObjectID.checkpoint.maxsleep = 10000, l2.objectmanager.loadObjectID.longsPerDiskEntry = 8, l2.objectmanager.loadObjectID.mapsdatabase.longsPerDiskEntry = 1, l2.objectmanager.maxObjectsInTxnObjGrouping = 5000, l2.objectmanager.maxObjectsToCommit = 5000, l2.objectmanager.maxTxnsInTxnObjectGrouping = 500, l2.objectmanager.objectrequest.logging.enabled = false, l2.objectmanager.objectrequest.split.size = 500, l2.objectmanager.passive.sync.batch.size = 100, l2.objectmanager.passive.sync.message.maxSizeInMegaBytes = 10, l2.objectmanager.passive.sync.throttle.maxPendingMessages = 10, l2.objectmanager.passive.sync.throttle.timeInMillis = 0, l2.objectmanager.persistor.logging.enabled = false, l2.objectmanager.request.logging.enabled = false, l2.offHeapCache.map.concurrency = 1, l2.offHeapCache.map.initialDataSize = 10k, l2.offHeapCache.map.tableSize = 1k, l2.offHeapCache.operator.event.generator.sleepInterval = 60000, l2.offHeapCache.operator.event.generator.threshold = 80, l2.offHeapCache.temp.swap.flush.to.disk.count = 5000, l2.offHeapCache.temp.swap.throttle.size = 100000, l2.operator.events.store = 1500, l2.remotejmx.idletime = 5, l2.remotejmx.maxthreads = 50, l2.seda.commitstage.threads = 4, l2.seda.evictionprocessorstage.sink.capacity = 1000, l2.seda.gcdeletestage.threads = 1, l2.seda.query.threads = 4, l2.seda.search.threads = 4, l2.seda.stage.sink.capacity = -1, l2.serverarray.2pc.enabled = true, l2.startuplock.retries.enabled = false, l2.transactionmanager.logging.enabled = false, l2.transactionmanager.logging.printBroadcastStats = false, l2.transactionmanager.logging.printCommits = false, l2.transactionmanager.logging.printStats = true, l2.transactionmanager.logging.verbose = false, l2.transactionmanager.passive.throttle.enabled = true, l2.transactionmanager.passive.throttle.maxSleepSeconds = 5, l2.transactionmanager.passive.throttle.threshold = 20000, lock.statistics.enabled = false, logging.longgc.threshold = 8000, logging.maxBackups = 20, logging.maxLogFileSize = 512, memory.monitor.forcebasic = false, net.core.keepalive = false, net.core.tcpnodelay = true, search.passive.max.chunk = 2097152, search.passive.max.pending = 8, search.query.wait.for.txns = true, search.use.commit.thread = true, session.debug.hops = false, session.debug.hops.interval = 100, session.debug.invalidate = false, session.debug.sessions = false, session.invalidator.bench.enabled = true, session.invalidator.sleep = 300, session.request.bench.enabled = false, session.request.tracking = false, session.request.tracking.dump = false, session.request.tracking.interval = 2500, session.request.tracking.threshold = 15000, session.statistics.enabled = false, session.verify.set.attribute = false, session.vhosts.excluded = , sigar.enabled = true, stats.printer.intervalInMillis = 5000, tc.bytebuffer.common.pool.maxcount = 3000, tc.bytebuffer.pooling.enabled = true, tc.bytebuffer.threadlocal.pool.maxcount = 2000, tc.config.getFromSource.timeout = 30000, tc.management.mbeans.enabled = true, tc.management.test.mbeans.enabled = false, tc.messages.grouping.enabled = true, tc.messages.grouping.maxSizeKiloBytes = 1024, tc.messages.packup.enabled = true, tc.stage.monitor.delay = 5000, tc.stage.monitor.enabled = false, tc.transport.handshake.timeout = 10000, tcm.monitor.delay = 5, tcm.monitor.enabled = false }
2013-06-05 14:34:05,698 [main] INFO com.terracottatech.console - Log file: '/home/12/k1218492/terrastore-0.8.2-dist/../terrastore/master/bin/../tc-data/server-logs/terracotta-server.log'.
2013-06-05 14:34:05,699 [main] INFO com.tc.logging.TCLogging - All Java System Properties for this Terracotta instance:
========================================================================
JVM arguments: [-XX:+HeapDumpOnOutOfMemoryError, -Dcom.sun.management.jmxremote, -Dtc.install-root=../terrastore/master/bin/..]
awt.toolkit                  : sun.awt.X11.XToolkit
com.sun.management.jmxremote : 
file.encoding                : UTF-8
file.encoding.pkg            : sun.io
file.separator               : /
java.awt.graphicsenv         : sun.awt.X11GraphicsEnvironment
java.awt.printerjob          : sun.print.PSPrinterJob
java.class.path              : ../terrastore/master/bin/../lib/tc.jar
java.class.version           : 51.0
java.endorsed.dirs           : /gentoo/64bit/opt/oracle-jdk-bin-1.7.0.7/jre/lib/endorsed
java.ext.dirs                : /gentoo/64bit/opt/oracle-jdk-bin-1.7.0.7/jre/lib/ext:/usr/java/packages/lib/ext
java.home                    : /gentoo/64bit/opt/oracle-jdk-bin-1.7.0.7/jre
java.io.tmpdir               : /tmp
java.library.path            : /usr/java/packages/lib/amd64:/usr/lib64:/lib64:/lib:/usr/lib
java.rmi.server.randomIDs    : true
java.runtime.name            : Java(TM) SE Runtime Environment
java.runtime.version         : 1.7.0_07-b10
java.specification.name      : Java Platform API Specification
java.specification.vendor    : Oracle Corporation
java.specification.version   : 1.7
java.vendor                  : Oracle Corporation
java.vendor.url              : http://java.oracle.com/
java.vendor.url.bug          : http://bugreport.sun.com/bugreport/
java.version                 : 1.7.0_07
java.vm.info                 : mixed mode
java.vm.name                 : Java HotSpot(TM) 64-Bit Server VM
java.vm.specification.name   : Java Virtual Machine Specification
java.vm.specification.vendor : Oracle Corporation
java.vm.specification.version: 1.7
java.vm.vendor               : Oracle Corporation
java.vm.version              : 23.3-b01
line.separator               : 

os.arch                      : amd64
os.name                      : Linux
os.version                   : 3.7.10-gentoo
path.separator               : :
sun.arch.data.model          : 64
sun.boot.class.path          : /gentoo/64bit/opt/oracle-jdk-bin-1.7.0.7/jre/lib/resources.jar:/gentoo/64bit/opt/oracle-jdk-bin-1.7.0.7/jre/lib/rt.jar:/gentoo/64bit/opt/oracle-jdk-bin-1.7.0.7/jre/lib/sunrsasign.jar:/gentoo/64bit/opt/oracle-jdk-bin-1.7.0.7/jre/lib/jsse.jar:/gentoo/64bit/opt/oracle-jdk-bin-1.7.0.7/jre/lib/jce.jar:/gentoo/64bit/opt/oracle-jdk-bin-1.7.0.7/jre/lib/charsets.jar:/gentoo/64bit/opt/oracle-jdk-bin-1.7.0.7/jre/lib/jfr.jar:/gentoo/64bit/opt/oracle-jdk-bin-1.7.0.7/jre/classes
sun.boot.library.path        : /gentoo/64bit/opt/oracle-jdk-bin-1.7.0.7/jre/lib/amd64
sun.cpu.endian               : little
sun.cpu.isalist              : 
sun.io.unicode.encoding      : UnicodeLittle
sun.java.command             : com.tc.server.TCServerMain -f ../terrastore/master/bin/../terracotta-config.xml -n terrastore-single-master
sun.java.launcher            : SUN_STANDARD
sun.jnu.encoding             : UTF-8
sun.management.compiler      : HotSpot 64-Bit Tiered Compilers
sun.os.patch.level           : unknown
tc.install-root              : ../terrastore/master/bin/..
user.country                 : GB
user.dir                     : /home/12/k1218492/terrastore-0.8.2-dist
user.home                    : /home/12/k1218492
user.language                : en
user.name                    : k1218492
user.timezone                : GB
========================================================================
2013-06-05 14:34:06,174 [main] INFO com.terracottatech.dso - Statistics store: '/home/12/k1218492/terrastore-0.8.2-dist/../terrastore/master/bin/../tc-data/server-statistics'.
2013-06-05 14:34:06,187 [main] INFO com.terracottatech.console - Available Max Runtime Memory: 1758MB
2013-06-05 14:34:06,468 [main] INFO com.terracottatech.dso - Standard DSO Server created
2013-06-05 14:34:06,471 [main] INFO com.terracottatech.dso - Creating server nodeID: NodeID[137.73.9.171:9510]
2013-06-05 14:34:06,496 [Statistics Logger] INFO com.terracottatech.dso - memory free : 1737.808517 MB
2013-06-05 14:34:06,496 [Statistics Logger] INFO com.terracottatech.dso - memory used : 20.441483 MB
2013-06-05 14:34:06,496 [Statistics Logger] INFO com.terracottatech.dso - memory max : 1758.250000 MB
2013-06-05 14:34:06,597 [main] INFO com.terracottatech.dso - Statistics buffer: '/home/12/k1218492/terrastore-0.8.2-dist/../terrastore/master/bin/../tc-data/server-statistics'.
2013-06-05 14:34:06,681 [main] INFO com.terracottatech.console - JMX Server started. Available at URL[service:jmx:jmxmp://0.0.0.0:9520]
2013-06-05 14:34:06,707 [main] INFO com.tc.objectserver.storage.berkeleydb.BerkeleyDBEnvironment - Sleepy cat version being used 4.1.10
2013-06-05 14:34:06,779 [main] INFO com.tc.objectserver.storage.berkeleydb.BerkeleyDBEnvironment - Env config = allowCreate=true
cacheSize=0
txnNoSync=false
txnWriteNoSync=false
{je.log.fileMax=10000000, je.cleaner.minAge=5, je.cleaner.bytesInterval=20000000, je.env.isTransactional=true, je.cleaner.lookAheadCacheSize=32768, je.env.isReadOnly=false, je.maxMemoryPercent=25, je.lock.nLockTables=7, je.checkpointer.bytesInterval=50000000, je.cleaner.detailMaxMemoryPercentage=5, je.lock.timeout=180000000}
 DB Config = allowCreate=true
exclusiveCreate=false
transactional=true
readOnly=false
duplicatesAllowed=false
deferredWrite=false
temporary=false
keyPrefixingEnabled=false
 JE Properties = {je.log.fileMax=10000000, je.cleaner.minAge=5, je.cleaner.bytesInterval=20000000, je.cleaner.lookAheadCacheSize=32768, je.maxMemoryPercent=25, je.lock.nLockTables=7, je.checkpointer.bytesInterval=50000000, je.cleaner.detailMaxMemoryPercentage=5, je.lock.timeout=180000000}
2013-06-05 14:34:07,124 [main] INFO com.terracottatech.dso - Terracotta persistence version is 2.2
2013-06-05 14:34:07,330 [main] INFO com.tc.net.core.TCWorkerCommManager - Creating 8 worker comm threads for L2_L1
2013-06-05 14:34:07,357 [main] INFO com.tc.net.protocol.transport.ConnectionHealthCheckerImpl: DSO Server - HealthChecker Started
2013-06-05 14:34:07,357 [main] INFO com.tc.net.protocol.tcm.CommunicationsManager - HealtCheck CallbackPort Listener not requested
2013-06-05 14:34:07,381 [main] INFO com.tc.runtime.TCMemoryManagerImpl - GarbageCollector: PS Scavenge
2013-06-05 14:34:07,381 [main] INFO com.tc.runtime.TCMemoryManagerImpl - GarbageCollector: PS MarkSweep
2013-06-05 14:34:07,512 [main] INFO com.tc.net.core.TCWorkerCommManager - Creating 8 worker comm threads for L2_L2
2013-06-05 14:34:07,516 [main] INFO com.tc.net.protocol.transport.ConnectionHealthCheckerImpl: TCGroupManager - HealthChecker Started
2013-06-05 14:34:07,516 [main] INFO com.tc.net.protocol.tcm.CommunicationsManager - HealtCheck CallbackPort Listener not requested
2013-06-05 14:34:07,698 [main] INFO com.tc.objectserver.dgc.impl.GarbageCollectorThread - Young Gen Time = -1 Full Gen Time = 3600000
2013-06-05 14:34:07,700 [main] INFO com.terracottatech.dso - L2 Networked HA Enabled 
2013-06-05 14:34:07,773 [main] INFO com.tc.statistics.StatisticRetrievalAction - "message monitor" statistic is not enabled. Please enable the property "tcm.monitor.delay" to collect this statistics.
2013-06-05 14:34:07,773 [main] INFO com.tc.statistics.retrieval.actions.SRAL2FaultsFromDisk - "l2 faults from disk" statistic is not enabled. Please enable the property "l2.objectmanager.fault.logging.enabled" to collect this statistic.
2013-06-05 14:34:07,788 [main] INFO com.terracottatech.dso - This L2 Node ID = NodeID[137.73.9.171:9510]
2013-06-05 14:34:07,789 [main] INFO com.tc.l2.state.ElectionManagerImpl - Election Started : Enrollment [ NodeID[137.73.9.171:9510], isNew = true, weights = -1288206098676034417,9078853467456954921 ]
2013-06-05 14:34:12,798 [main] INFO com.tc.l2.state.ElectionManagerImpl - Election Complete : [Enrollment [ NodeID[137.73.9.171:9510], isNew = true, weights = -1288206098676034417,9078853467456954921 ]] : State[ Election-Complete ]
2013-06-05 14:34:12,799 [main] INFO com.tc.l2.state.StateManagerImpl - Becoming State[ ACTIVE-COORDINATOR ]
2013-06-05 14:34:12,799 [main] INFO com.terracottatech.console - Becoming State[ ACTIVE-COORDINATOR ]
2013-06-05 14:34:12,803 [main] INFO com.tc.l2.state.ElectionManagerImpl - Declared as Winner: Winner is : Enrollment [ NodeID[137.73.9.171:9510], isNew = true, weights = -1288206098676034417,9078853467456954921 ]
2013-06-05 14:34:12,810 [WorkerThread(l2_state_change_stage, 0)] INFO com.tc.l2.ha.StripeIDStateManagerImpl - putToStore GroupID[0] StripeID[df589222f90c4144b5eae13426475623]
2013-06-05 14:34:12,811 [WorkerThread(l2_state_change_stage, 0)] INFO com.tc.l2.ha.StripeIDStateManagerImpl - Notify local StripeID ready
2013-06-05 14:34:12,812 [WorkerThread(l2_state_change_stage, 0)] INFO com.tc.l2.ha.StripeIDStateManagerImpl - Notify StripeIDMap ready
2013-06-05 14:34:12,813 [WorkerThread(l2_state_change_stage, 0)] INFO com.tc.objectserver.tx.ServerTransactionManager - Waiting for txns to complete
2013-06-05 14:34:12,814 [WorkerThread(l2_state_change_stage, 0)] INFO com.tc.objectserver.tx.ServerTransactionManager - No more txns in the system.
2013-06-05 14:34:12,814 [WorkerThread(l2_state_change_stage, 0)] INFO com.tc.objectserver.tx.ResentTransactionSequencer - Making callback com.tc.objectserver.gtx.GlobalTransactionIDLowWaterMarkProvider$2@5dcac79c pending since in State[ ADD_RESENT ] resent txns size : 0
2013-06-05 14:34:12,816 [WorkerThread(l2_state_change_stage, 0)] INFO com.tc.objectserver.handshakemanager.ServerClientHandshakeManager - Starting DSO services...
2013-06-05 14:34:12,816 [WorkerThread(l2_state_change_stage, 0)] INFO com.tc.objectserver.persistence.db.TransactionStoreImpl - shutdownAllClientsExcept() : Removing txns from DB : 0
2013-06-05 14:34:12,816 [WorkerThread(l2_state_change_stage, 0)] INFO com.tc.objectserver.impl.ObjectRequestManagerRestartImpl - Processing Pending Lookups = 0
2013-06-05 14:34:12,817 [WorkerThread(l2_state_change_stage, 0)] INFO com.tc.objectserver.tx.ResentTransactionSequencer - Unregistering ResentTransactionSequencer since no more resent Transactions : 0
2013-06-05 14:34:12,817 [WorkerThread(l2_state_change_stage, 0)] INFO com.tc.objectserver.tx.ResentTransactionSequencer - Adding Pending resent CallBacks to  TxnMgr : com.tc.objectserver.gtx.GlobalTransactionIDLowWaterMarkProvider$2@5dcac79c
2013-06-05 14:34:12,817 [WorkerThread(l2_state_change_stage, 0)] INFO com.tc.objectserver.gtx.GlobalTransactionIDLowWaterMarkProvider - Switching GlobalTransactionID Low Water mark provider since all resent transactions are applied
2013-06-05 14:34:12,817 [WorkerThread(l2_state_change_stage, 0)] INFO com.tc.objectserver.impl.ServerMapEvictionManagerImpl - Server Map Eviction : Evictor will run every 1800000 ms
2013-06-05 14:34:12,817 [WorkerThread(l2_state_change_stage, 0)] INFO com.tc.objectserver.impl.ServerMapEvictionManagerImpl - ehcache.evictor.logging.enabled : false
2013-06-05 14:34:12,817 [WorkerThread(l2_state_change_stage, 0)] INFO com.tc.objectserver.impl.ServerMapEvictionManagerImpl - ehcache.storageStrategy.dcv2.periodicEviction.enabled : true
2013-06-05 14:34:12,817 [WorkerThread(l2_state_change_stage, 0)] INFO com.tc.objectserver.impl.ServerMapEvictionManagerImpl - ehcache.storageStrategy.dcv2.perElementTTITTL.enabled : false
2013-06-05 14:34:12,818 [WorkerThread(l2_state_change_stage, 0)] INFO com.tc.objectserver.l1.impl.InvalidateObjectManagerImpl - Restart txn processing complete : Adding validation of Objects for 0 Clients
2013-06-05 14:34:12,818 [WorkerThread(l2_state_change_stage, 0)] INFO com.terracottatech.console - Terracotta Server instance has started up as ACTIVE node on 0.0.0.0:9510 successfully, and is now ready for work.
2013-06-05 14:34:12,826 [main] INFO com.tc.server.TCServer - Server started as terrastore-single-master
2013-06-05 14:34:13,065 [L2_L1:TCComm Main Selector Thread_R (listen 0.0.0.0:9510)] INFO com.tc.net.core.TCConnection - Comms Message Batching enabled
2013-06-05 14:34:13,068 [L2_L1:TCComm Main Selector Thread_R (listen 0.0.0.0:9510)] INFO com.tc.net.core.CoreNIOServices - selection key cancelled key@1377899057
2013-06-05 14:34:15,698 [L2_L1:TCComm Main Selector Thread_R (listen 0.0.0.0:9510)] INFO com.tc.net.core.CoreNIOServices - selection key cancelled key@316732555
2013-06-05 14:34:16,413 [L2_L1:TCComm Main Selector Thread_R (listen 0.0.0.0:9510)] INFO com.tc.net.core.CoreNIOServices - selection key cancelled key@516227519
2013-06-05 14:34:17,461 [L2_L1:TCComm Main Selector Thread_R (listen 0.0.0.0:9510)] INFO com.tc.net.protocol.transport.ServerMessageTransport - ConnectionID(0.df589222f90c4144b5eae13426475623): Attaching new connection: com.tc.net.core.TCConnectionImpl@1623225864: connected: true, closed: false local=137.73.9.171:9510 remote=137.73.9.171:33252 connect=[Wed Jun 05 14:34:17 BST 2013] idle=12ms [32 read, 0 write]
2013-06-05 14:34:17,474 [L2_L1:TCComm Main Selector Thread_R (listen 0.0.0.0:9510)] INFO com.tc.net.core.TCWorkerCommManager - Selecting [L2_L1:TCWorkerComm # 0, FD, wt:0]  from [[L2_L1:TCWorkerComm # 0, FD, wt:0], [L2_L1:TCWorkerComm # 1, FD, wt:0], [L2_L1:TCWorkerComm # 2, FD, wt:0], [L2_L1:TCWorkerComm # 3, FD, wt:0], [L2_L1:TCWorkerComm # 4, FD, wt:0], [L2_L1:TCWorkerComm # 5, FD, wt:0], [L2_L1:TCWorkerComm # 6, FD, wt:0], [L2_L1:TCWorkerComm # 7, FD, wt:0]]
2013-06-05 14:34:17,478 [L2_L1:TCComm Main Selector Thread_R (listen 0.0.0.0:9510)] INFO com.tc.net.core.CoreNIOServices - selection key cancelled key@2072328407
2013-06-05 14:34:17,487 [L2_L1:TCWorkerComm # 0_R] INFO com.tc.net.protocol.transport.ConnectionHealthCheckerImpl. DSO Server - Health monitoring agent started for pc171.dcs.kcl.ac.uk:33252
2013-06-05 14:34:17,492 [L2_L1:TCComm Main Selector Thread_R (listen 0.0.0.0:9510)] INFO com.tc.net.protocol.transport.ConnectionHealthCheckerImpl. DSO Server - HealthCheckCallbackPort verification PASSED for pc171.dcs.kcl.ac.uk:33252(callbackport: 56307)
2013-06-05 14:34:17,508 [WorkerThread(client_handshake_stage, 0)] INFO com.tc.objectserver.handshakemanager.ServerClientHandshakeManager - Client connected ClientID[0]
2013-06-05 14:34:17,518 [WorkerThread(jmxremote_tunnel_stage, 0)] INFO com.tc.management.remote.protocol.terracotta.ClientTunnelingEventHandler - L1[ChannelID=[0]] notified us that their JMX server is now available
2013-06-05 14:34:17,715 [WorkerThread(jmxremote_connect_stage, 0)] INFO com.tc.management.remote.connect.ClientBeanBag - registerBean: org.terracotta:name=Terracotta Runtime Logging Bean,subsystem=Logging,type=DSO Client,clients=Clients,node=a97af27fdac2450cb54725cba8846572
2013-06-05 14:34:17,795 [WorkerThread(jmxremote_connect_stage, 0)] INFO com.tc.management.remote.connect.ClientBeanBag - Tunneled MBean 'org.terracotta:clients=Clients,name=Terracotta Runtime Logging Bean,subsystem=Logging,type=DSO Client,node=pc171.dcs.kcl.ac.uk/33252'
2013-06-05 14:34:17,795 [WorkerThread(jmxremote_connect_stage, 0)] INFO com.tc.management.remote.connect.ClientBeanBag - registerBean: org.terracotta:name=Terracotta Instrumentation Logging Bean,subsystem=Logging,type=DSO Client,clients=Clients,node=a97af27fdac2450cb54725cba8846572
2013-06-05 14:34:17,815 [WorkerThread(jmxremote_connect_stage, 0)] INFO com.tc.management.remote.connect.ClientBeanBag - Tunneled MBean 'org.terracotta:clients=Clients,name=Terracotta Instrumentation Logging Bean,subsystem=Logging,type=DSO Client,node=pc171.dcs.kcl.ac.uk/33252'
2013-06-05 14:34:17,815 [WorkerThread(jmxremote_connect_stage, 0)] INFO com.tc.management.remote.connect.ClientBeanBag - registerBean: org.terracotta:name=Terracotta Runtime Output Options Bean,subsystem=Logging,type=DSO Client,clients=Clients,node=a97af27fdac2450cb54725cba8846572
2013-06-05 14:34:17,837 [WorkerThread(jmxremote_connect_stage, 0)] INFO com.tc.management.remote.connect.ClientBeanBag - Tunneled MBean 'org.terracotta:clients=Clients,name=Terracotta Runtime Output Options Bean,subsystem=Logging,type=DSO Client,node=pc171.dcs.kcl.ac.uk/33252'
2013-06-05 14:34:17,837 [WorkerThread(jmxremote_connect_stage, 0)] INFO com.tc.management.remote.connect.ClientBeanBag - registerBean: org.terracotta.internal:name=DSO Client Dump Bean,type=DSO Client,clients=Clients,node=a97af27fdac2450cb54725cba8846572
2013-06-05 14:34:17,850 [WorkerThread(jmxremote_connect_stage, 0)] INFO com.tc.management.remote.connect.ClientBeanBag - Tunneled MBean 'org.terracotta.internal:clients=Clients,name=DSO Client Dump Bean,type=DSO Client,node=pc171.dcs.kcl.ac.uk/33252'
2013-06-05 14:34:17,850 [WorkerThread(jmxremote_connect_stage, 0)] INFO com.tc.management.remote.connect.ClientBeanBag - registerBean: org.terracotta:name=L1 Info Bean,type=DSO Client,clients=Clients,node=a97af27fdac2450cb54725cba8846572
2013-06-05 14:34:17,878 [WorkerThread(jmxremote_connect_stage, 0)] INFO com.tc.management.remote.connect.ClientBeanBag - Tunneled MBean 'org.terracotta:clients=Clients,name=L1 Info Bean,type=DSO Client,node=pc171.dcs.kcl.ac.uk/33252'
2013-06-05 14:34:17,878 [WorkerThread(jmxremote_connect_stage, 0)] INFO com.tc.management.remote.connect.ClientBeanBag - registerBean: org.terracotta.internal:name=Terracotta Statistics Manager,subsystem=Statistics,type=Terracotta Agent,clients=Clients,node=a97af27fdac2450cb54725cba8846572
2013-06-05 14:34:17,895 [WorkerThread(jmxremote_connect_stage, 0)] INFO com.tc.management.remote.connect.ClientBeanBag - Tunneled MBean 'org.terracotta.internal:clients=Clients,name=Terracotta Statistics Manager,subsystem=Statistics,type=Terracotta Agent,node=pc171.dcs.kcl.ac.uk/33252'
2013-06-05 14:34:17,895 [WorkerThread(jmxremote_connect_stage, 0)] INFO com.tc.management.remote.connect.ClientBeanBag - registerBean: org.terracotta.internal:name=Terracotta Statistics Emitter,subsystem=Statistics,type=Terracotta Agent,clients=Clients,node=a97af27fdac2450cb54725cba8846572
2013-06-05 14:34:17,905 [WorkerThread(jmxremote_connect_stage, 0)] INFO com.tc.management.remote.connect.ClientBeanBag - Tunneled MBean 'org.terracotta.internal:clients=Clients,name=Terracotta Statistics Emitter,subsystem=Statistics,type=Terracotta Agent,node=pc171.dcs.kcl.ac.uk/33252'
2013-06-05 14:34:17,905 [WorkerThread(jmxremote_connect_stage, 0)] INFO com.tc.management.remote.connect.ClientBeanBag - registerBean: org.terracotta:name=Terracotta Cluster Bean,type=Terracotta Cluster,clients=Clients,node=a97af27fdac2450cb54725cba8846572
2013-06-05 14:34:17,915 [WorkerThread(jmxremote_connect_stage, 0)] INFO com.tc.management.remote.connect.ClientBeanBag - Tunneled MBean 'org.terracotta:clients=Clients,name=Terracotta Cluster Bean,type=Terracotta Cluster,node=pc171.dcs.kcl.ac.uk/33252'
2013-06-05 14:34:31,787 [L2_L1:TCComm Main Selector Thread_R (listen 0.0.0.0:9510)] INFO com.tc.net.core.CoreNIOServices - selection key cancelled key@1529181998
2013-06-05 14:34:32,500 [L2_L1:TCComm Main Selector Thread_R (listen 0.0.0.0:9510)] INFO com.tc.net.core.CoreNIOServices - selection key cancelled key@241377756
2013-06-05 14:34:33,527 [L2_L1:TCComm Main Selector Thread_R (listen 0.0.0.0:9510)] INFO com.tc.net.protocol.transport.ServerMessageTransport - ConnectionID(1.df589222f90c4144b5eae13426475623): Attaching new connection: com.tc.net.core.TCConnectionImpl@1071891669: connected: true, closed: false local=137.73.9.171:9510 remote=137.73.9.171:33274 connect=[Wed Jun 05 14:34:33 BST 2013] idle=4ms [32 read, 0 write]
2013-06-05 14:34:33,528 [L2_L1:TCComm Main Selector Thread_R (listen 0.0.0.0:9510)] INFO com.tc.net.core.CoreNIOServices - selection key cancelled key@42966200
2013-06-05 14:34:33,532 [L2_L1:TCWorkerComm # 2_R] INFO com.tc.net.protocol.transport.ConnectionHealthCheckerImpl. DSO Server - Health monitoring agent started for pc171.dcs.kcl.ac.uk:33274
2013-06-05 14:34:33,533 [L2_L1:TCComm Main Selector Thread_R (listen 0.0.0.0:9510)] INFO com.tc.net.protocol.transport.ConnectionHealthCheckerImpl. DSO Server - HealthCheckCallbackPort verification PASSED for pc171.dcs.kcl.ac.uk:33274(callbackport: 39813)
2013-06-05 14:34:33,548 [WorkerThread(client_handshake_stage, 0)] INFO com.tc.objectserver.handshakemanager.ServerClientHandshakeManager - Client connected ClientID[1]
2013-06-05 14:34:33,555 [WorkerThread(jmxremote_tunnel_stage, 0)] INFO com.tc.management.remote.protocol.terracotta.ClientTunnelingEventHandler - L1[ChannelID=[1]] notified us that their JMX server is now available
2013-06-05 14:34:33,672 [WorkerThread(jmxremote_connect_stage, 0)] INFO com.tc.management.remote.connect.ClientBeanBag - registerBean: org.terracotta:name=L1 Info Bean,type=DSO Client,clients=Clients,node=7b5969f458ca4bae81bab1f0649736e1
2013-06-05 14:34:33,691 [WorkerThread(jmxremote_connect_stage, 0)] INFO com.tc.management.remote.connect.ClientBeanBag - Tunneled MBean 'org.terracotta:clients=Clients,name=L1 Info Bean,type=DSO Client,node=pc171.dcs.kcl.ac.uk/33274'
2013-06-05 14:34:33,691 [WorkerThread(jmxremote_connect_stage, 0)] INFO com.tc.management.remote.connect.ClientBeanBag - registerBean: org.terracotta:name=Terracotta Instrumentation Logging Bean,subsystem=Logging,type=DSO Client,clients=Clients,node=7b5969f458ca4bae81bab1f0649736e1
2013-06-05 14:34:33,701 [WorkerThread(jmxremote_connect_stage, 0)] INFO com.tc.management.remote.connect.ClientBeanBag - Tunneled MBean 'org.terracotta:clients=Clients,name=Terracotta Instrumentation Logging Bean,subsystem=Logging,type=DSO Client,node=pc171.dcs.kcl.ac.uk/33274'
2013-06-05 14:34:33,701 [WorkerThread(jmxremote_connect_stage, 0)] INFO com.tc.management.remote.connect.ClientBeanBag - registerBean: org.terracotta.internal:name=Terracotta Statistics Manager,subsystem=Statistics,type=Terracotta Agent,clients=Clients,node=7b5969f458ca4bae81bab1f0649736e1
2013-06-05 14:34:33,714 [WorkerThread(jmxremote_connect_stage, 0)] INFO com.tc.management.remote.connect.ClientBeanBag - Tunneled MBean 'org.terracotta.internal:clients=Clients,name=Terracotta Statistics Manager,subsystem=Statistics,type=Terracotta Agent,node=pc171.dcs.kcl.ac.uk/33274'
2013-06-05 14:34:33,714 [WorkerThread(jmxremote_connect_stage, 0)] INFO com.tc.management.remote.connect.ClientBeanBag - registerBean: org.terracotta.internal:name=DSO Client Dump Bean,type=DSO Client,clients=Clients,node=7b5969f458ca4bae81bab1f0649736e1
2013-06-05 14:34:33,733 [WorkerThread(jmxremote_connect_stage, 0)] INFO com.tc.management.remote.connect.ClientBeanBag - Tunneled MBean 'org.terracotta.internal:clients=Clients,name=DSO Client Dump Bean,type=DSO Client,node=pc171.dcs.kcl.ac.uk/33274'
2013-06-05 14:34:33,733 [WorkerThread(jmxremote_connect_stage, 0)] INFO com.tc.management.remote.connect.ClientBeanBag - registerBean: org.terracotta.internal:name=Terracotta Statistics Emitter,subsystem=Statistics,type=Terracotta Agent,clients=Clients,node=7b5969f458ca4bae81bab1f0649736e1
2013-06-05 14:34:33,741 [WorkerThread(jmxremote_connect_stage, 0)] INFO com.tc.management.remote.connect.ClientBeanBag - Tunneled MBean 'org.terracotta.internal:clients=Clients,name=Terracotta Statistics Emitter,subsystem=Statistics,type=Terracotta Agent,node=pc171.dcs.kcl.ac.uk/33274'
2013-06-05 14:34:33,741 [WorkerThread(jmxremote_connect_stage, 0)] INFO com.tc.management.remote.connect.ClientBeanBag - registerBean: org.terracotta:name=Terracotta Cluster Bean,type=Terracotta Cluster,clients=Clients,node=7b5969f458ca4bae81bab1f0649736e1
2013-06-05 14:34:33,760 [WorkerThread(jmxremote_connect_stage, 0)] INFO com.tc.management.remote.connect.ClientBeanBag - Tunneled MBean 'org.terracotta:clients=Clients,name=Terracotta Cluster Bean,type=Terracotta Cluster,node=pc171.dcs.kcl.ac.uk/33274'
2013-06-05 14:34:33,760 [WorkerThread(jmxremote_connect_stage, 0)] INFO com.tc.management.remote.connect.ClientBeanBag - registerBean: org.terracotta:name=Terracotta Runtime Output Options Bean,subsystem=Logging,type=DSO Client,clients=Clients,node=7b5969f458ca4bae81bab1f0649736e1
2013-06-05 14:34:33,769 [WorkerThread(jmxremote_connect_stage, 0)] INFO com.tc.management.remote.connect.ClientBeanBag - Tunneled MBean 'org.terracotta:clients=Clients,name=Terracotta Runtime Output Options Bean,subsystem=Logging,type=DSO Client,node=pc171.dcs.kcl.ac.uk/33274'
2013-06-05 14:34:33,769 [WorkerThread(jmxremote_connect_stage, 0)] INFO com.tc.management.remote.connect.ClientBeanBag - registerBean: org.terracotta:name=Terracotta Runtime Logging Bean,subsystem=Logging,type=DSO Client,clients=Clients,node=7b5969f458ca4bae81bab1f0649736e1
2013-06-05 14:34:33,780 [WorkerThread(jmxremote_connect_stage, 0)] INFO com.tc.management.remote.connect.ClientBeanBag - Tunneled MBean 'org.terracotta:clients=Clients,name=Terracotta Runtime Logging Bean,subsystem=Logging,type=DSO Client,node=pc171.dcs.kcl.ac.uk/33274'
2013-06-05 14:44:00,971 [CommonShutDownHook] INFO com.terracottatech.dso - L2 Exiting...
